*** Using Compiler 'V5.06 update 5 (build 528)', folder: 'D:\works\Keil5\ARM\ARMCC\Bin'
Rebuild target '03_Location_HAL'
assembling startup_stm32f103xb.s...
compiling i2c.c...
compiling stm32f1xx_it.c...
compiling rtc.c...
compiling stm32f1xx_hal_gpio_ex.c...
compiling spi.c...
compiling gpio.c...
compiling stm32f1xx_hal_msp.c...
compiling stm32f1xx_hal.c...
compiling usart.c...
compiling main.c...
../App/lower_power/App_LowPower.h(12): warning:  #1-D: last line of file ends without a newline
  #endif 
../Core/Src/main.c: 1 warning, 0 errors
compiling stm32f1xx_hal_i2c.c...
compiling stm32f1xx_hal_exti.c...
compiling stm32f1xx_hal_cortex.c...
compiling stm32f1xx_hal_rcc_ex.c...
compiling stm32f1xx_hal_pwr.c...
compiling stm32f1xx_hal_gpio.c...
compiling stm32f1xx_hal_flash_ex.c...
compiling stm32f1xx_hal_flash.c...
compiling stm32f1xx_hal_rtc.c...
compiling stm32f1xx_hal_dma.c...
compiling stm32f1xx_hal_rcc.c...
compiling stm32f1xx_hal_rtc_ex.c...
compiling stm32f1xx_hal_tim.c...
compiling stm32f1xx_hal_tim_ex.c...
compiling Inf_AT6558R.c...
compiling ebyte_core.c...
compiling system_stm32f1xx.c...
compiling App_StepCount.c...
compiling App_LowPower.c...
..\App\lower_power\App_LowPower.h(12): warning:  #1-D: last line of file ends without a newline
  #endif 
..\App\lower_power\App_LowPower.c(33): warning:  #1-D: last line of file ends without a newline
  }
..\App\lower_power\App_LowPower.c: 2 warnings, 0 errors
compiling App_Communication.c...
compiling Inf_DS3553.c...
compiling Inf_QS100.c...
compiling ebyte_callback.c...
compiling ebyte_e220x.c...
compiling stm32f1xx_hal_spi.c...
compiling stm32f1xx_hal_uart.c...
compiling cJSON.c...
compiling ebyte_port.c...
compiling Inf_LoRa.c...
compiling Common_Debug.c...
compiling Common_Util.c...
..\common\tool\Common_Util.c(65): warning:  #167-D: argument of type "uint8_t *" is incompatible with parameter of type "char *restrict"
      sprintf(uploadData->uid, "%08X%08X%08X", HAL_GetUIDw0(), HAL_GetUIDw1(), HAL_GetUIDw2());
..\common\tool\Common_Util.c: 1 warning, 0 errors
linking...
Program Size: Code=31698 RO-data=802 RW-data=64 ZI-data=6816  
FromELF: creating hex file...
"03_Location_HAL\03_Location_HAL.axf" - 0 Error(s), 4 Warning(s).
Build Time Elapsed:  00:00:05
